ANDROID/TOGA-Guru/app/build/outputs/logs/manifest-merger-debug-report.txt
-- Merging decision tree log ---
manifest
ADDED from src\main\AndroidManifest.xml:2:1-29:12
	package
		ADDED from src\main\AndroidManifest.xml:3:11-47
		INJECTED from src\main\AndroidManifest.xml
		INJECTED from src\main\AndroidManifest.xml
	android:versionName
		INJECTED from src\main\AndroidManifest.xml
		INJECTED from src\main\AndroidManifest.xml
	xmlns:android
		ADDED from src\main\AndroidManifest.xml:2:11-69
	android:versionCode
		INJECTED from src\main\AndroidManifest.xml
		INJECTED from src\main\AndroidManifest.xml
uses-permission#android.permission.INTERNET
ADDED from src\main\AndroidManifest.xml:4:5-67
MERGED from [com.daimajia.slider:library:1.1.5] AndroidManifest.xml:11:5-67
	android:name
		ADDED from src\main\AndroidManifest.xml:4:22-64
uses-permission#android.permission.READ_EXTERNAL_STORAGE
ADDED from src\main\AndroidManifest.xml:5:5-80
	android:name
		ADDED from src\main\AndroidManifest.xml:5:22-77
application
ADDED from src\main\AndroidManifest.xml:6:5-27:19
MERGED from [com.github.traex.rippleeffect:library:1.3] AndroidManifest.xml:12:5-20
MERGED from [com.android.volley:volley:1.0.0] AndroidManifest.xml:9:5-20
MERGED from [com.android.support:design:23.1.0] AndroidManifest.xml:22:5-20
MERGED from [com.android.support:appcompat-v7:23.1.0] AndroidManifest.xml:22:5-20
MERGED from [com.github.aakira:expandable-layout:1.4.2] AndroidManifest.xml:12:5-20
MERGED from [com.android.support:cardview-v7:23.3.0] AndroidManifest.xml:22:5-20
MERGED from [com.android.support:support-v4:23.3.0] AndroidManifest.xml:22:5-20
	android:label
		ADDED from src\main\AndroidManifest.xml:9:9-41
	android:supportsRtl
		ADDED from src\main\AndroidManifest.xml:10:9-35
	android:allowBackup
		ADDED from src\main\AndroidManifest.xml:7:9-35
	android:icon
		ADDED from src\main\AndroidManifest.xml:8:9-43
	android:theme
		ADDED from src\main\AndroidManifest.xml:11:9-45
activity#com.sakolah.guru.toga_guru.LoginActivity
ADDED from src\main\AndroidManifest.xml:12:9-18:20
	android:name
		ADDED from src\main\AndroidManifest.xml:12:19-48
intent-filter#android.intent.action.MAIN+android.intent.category.LAUNCHER
ADDED from src\main\AndroidManifest.xml:13:13-17:29
action#android.intent.action.MAIN
ADDED from src\main\AndroidManifest.xml:14:17-68
	android:name
		ADDED from src\main\AndroidManifest.xml:14:25-66
category#android.intent.category.LAUNCHER
ADDED from src\main\AndroidManifest.xml:16:17-76
	android:name
		ADDED from src\main\AndroidManifest.xml:16:27-74
activity#com.sakolah.guru.toga_guru.Dashboard
ADDED from src\main\AndroidManifest.xml:19:9-86
	android:theme
		ADDED from src\main\AndroidManifest.xml:19:45-83
	android:name
		ADDED from src\main\AndroidManifest.xml:19:19-44
activity#com.sakolah.guru.toga_guru.BeritaSekolah
ADDED from src\main\AndroidManifest.xml:20:9-90
	android:theme
		ADDED from src\main\AndroidManifest.xml:20:49-87
	android:name
		ADDED from src\main\AndroidManifest.xml:20:19-48
activity#com.sakolah.guru.toga_guru.BeritaSekolahDetail
ADDED from src\main\AndroidManifest.xml:21:9-96
	android:theme
		ADDED from src\main\AndroidManifest.xml:21:55-93
	android:name
		ADDED from src\main\AndroidManifest.xml:21:19-54
activity#com.sakolah.guru.toga_guru.Jadwal
ADDED from src\main\AndroidManifest.xml:22:9-83
	android:theme
		ADDED from src\main\AndroidManifest.xml:22:42-80
	android:name
		ADDED from src\main\AndroidManifest.xml:22:19-41
activity#com.sakolah.guru.toga_guru.TanyaJawab
ADDED from src\main\AndroidManifest.xml:23:9-87
	android:theme
		ADDED from src\main\AndroidManifest.xml:23:46-84
	android:name
		ADDED from src\main\AndroidManifest.xml:23:19-45
activity#com.sakolah.guru.toga_guru.GrupKelas
ADDED from src\main\AndroidManifest.xml:24:9-86
	android:theme
		ADDED from src\main\AndroidManifest.xml:24:45-83
	android:name
		ADDED from src\main\AndroidManifest.xml:24:19-44
activity#com.sakolah.guru.toga_guru.NilaiSiswa
ADDED from src\main\AndroidManifest.xml:25:9-87
	android:theme
		ADDED from src\main\AndroidManifest.xml:25:46-84
	android:name
		ADDED from src\main\AndroidManifest.xml:25:19-45
activity#com.sakolah.guru.toga_guru.MainActivity
ADDED from src\main\AndroidManifest.xml:26:9-82
	android:theme
		ADDED from src\main\AndroidManifest.xml:26:48-79
	android:name
		ADDED from src\main\AndroidManifest.xml:26:19-47
uses-sdk
INJECTED from src\main\AndroidManifest.xml reason: use-sdk injection requested
MERGED from [com.github.traex.rippleeffect:library:1.3] AndroidManifest.xml:8:5-10:41
MERGED from [com.android.volley:volley:1.0.0] AndroidManifest.xml:7:5-43
MERGED from [com.android.support:design:23.1.0] AndroidManifest.xml:20:5-43
MERGED from [com.android.support:appcompat-v7:23.1.0] AndroidManifest.xml:20:5-43
MERGED from [com.daimajia.slider:library:1.1.5] AndroidManifest.xml:7:5-9:41
MERGED from [com.github.aakira:expandable-layout:1.4.2] AndroidManifest.xml:8:5-10:41
MERGED from [com.android.support:cardview-v7:23.3.0] AndroidManifest.xml:20:5-43
MERGED from [com.android.support:recyclerview-v7:23.3.0] AndroidManifest.xml:20:5-43
MERGED from [com.android.support:support-v4:23.3.0] AndroidManifest.xml:20:5-43
	android:targetSdkVersion
		INJECTED from src\main\AndroidManifest.xml
		INJECTED from src\main\AndroidManifest.xml
	android:minSdkVersion
		INJECTED from src\main\AndroidManifest.xml
		INJECTED from src\main\AndroidManifest.xml
uses-permission#android.permission.WRITE_EXTERNAL_STORAGE
ADDED from [com.daimajia.slider:library:1.1.5] AndroidManifest.xml:12:5-81
	android:name
		ADDED from [com.daimajia.slider:library:1.1.5] AndroidManifest.xml:12:22-78